<?xml version="1.0" encoding="UTF-8"?>
<testng-results ignored="0" total="3" passed="3" failed="0" skipped="0">
  <reporter-output>
  </reporter-output>
  <suite started-at="2023-08-24T17:28:45 IST" name="Default suite" finished-at="2023-08-24T17:28:47 IST" duration-ms="1666">
    <groups>
    </groups>
    <test started-at="2023-08-24T17:28:45 IST" name="Default test" finished-at="2023-08-24T17:28:47 IST" duration-ms="1666">
      <class name="in.Restassured.pages.sportyshoes">
        <test-method signature="verifyResource()[pri:1, instance:in.Restassured.pages.sportyshoes@723ca036]" started-at="2023-08-24T17:28:45 IST" name="verifyResource" finished-at="2023-08-24T17:28:47 IST" duration-ms="1474" status="PASS">
          <reporter-output>
          </reporter-output>
        </test-method> <!-- verifyResource -->
        <test-method signature="verifyResource1()[pri:2, instance:in.Restassured.pages.sportyshoes@723ca036]" started-at="2023-08-24T17:28:47 IST" name="verifyResource1" finished-at="2023-08-24T17:28:47 IST" duration-ms="63" status="PASS">
          <reporter-output>
          </reporter-output>
        </test-method> <!-- verifyResource1 -->
        <test-method signature="verifyResource2()[pri:3, instance:in.Restassured.pages.sportyshoes@723ca036]" started-at="2023-08-24T17:28:47 IST" name="verifyResource2" finished-at="2023-08-24T17:28:47 IST" duration-ms="72" status="PASS">
          <reporter-output>
          </reporter-output>
        </test-method> <!-- verifyResource2 -->
      </class> <!-- in.Restassured.pages.sportyshoes -->
    </test> <!-- Default test -->
  </suite> <!-- Default suite -->
</testng-results>
