<?xml version="1.0" encoding="UTF-8"?>
<testng-results ignored="0" total="1" passed="1" failed="0" skipped="0">
  <reporter-output>
  </reporter-output>
  <suite started-at="2023-08-24T16:27:15 IST" name="Default suite" finished-at="2023-08-24T16:27:19 IST" duration-ms="4788">
    <groups>
    </groups>
    <test started-at="2023-08-24T16:27:15 IST" name="Default test" finished-at="2023-08-24T16:27:19 IST" duration-ms="4788">
      <class name="in.amazon.Sportysshoes.testscript.BaseTEST">
        <test-method is-config="true" signature="launchApplication()[pri:0, instance:in.amazon.Sportysshoes.testscript.BaseTEST@58359ebd]" started-at="2023-08-24T16:27:15 IST" name="launchApplication" finished-at="2023-08-24T16:27:19 IST" duration-ms="4551" status="PASS">
          <reporter-output>
          </reporter-output>
        </test-method> <!-- launchApplication -->
        <test-method signature="performTest()[pri:0, instance:in.amazon.Sportysshoes.testscript.BaseTEST@58359ebd]" started-at="2023-08-24T16:27:19 IST" name="performTest" finished-at="2023-08-24T16:27:19 IST" duration-ms="166" status="PASS">
          <reporter-output>
          </reporter-output>
        </test-method> <!-- performTest -->
      </class> <!-- in.amazon.Sportysshoes.testscript.BaseTEST -->
    </test> <!-- Default test -->
  </suite> <!-- Default suite -->
</testng-results>
