<?xml version="1.0" encoding="UTF-8"?>
<!-- Generated by org.testng.reporters.JUnitXMLReporter -->
<testsuite ignored="0" hostname="GBMAG005" failures="0" tests="3" name="Default test" time="1.666" errors="0" timestamp="2023-08-24T17:28:47 IST">
  <testcase classname="in.Restassured.pages.sportyshoes" name="verifyResource" time="1.474"/>
  <testcase classname="in.Restassured.pages.sportyshoes" name="verifyResource1" time="0.063"/>
  <testcase classname="in.Restassured.pages.sportyshoes" name="verifyResource2" time="0.072"/>
</testsuite> <!-- Default test -->
